190210 12:05:19 [Note] Plugin 'FEDERATED' is disabled.
190210 12:05:19 InnoDB: The InnoDB memory heap is disabled
190210 12:05:19 InnoDB: Mutexes and rw_locks use Windows interlocked functions
190210 12:05:19 InnoDB: Compressed tables use zlib 1.2.3
190210 12:05:19 InnoDB: Initializing buffer pool, size = 128.0M
190210 12:05:19 InnoDB: Completed initialization of buffer pool
InnoDB: The first specified data file C:\Users\Corey\Desktop\USBWebserver v8.5\8.5\mysql\data\ibdata1 did not exist:
InnoDB: a new database to be created!
190210 12:05:19  InnoDB: Setting file C:\Users\Corey\Desktop\USBWebserver v8.5\8.5\mysql\data\ibdata1 size to 10 MB
InnoDB: Database physically writes the file full: wait...
190210 12:05:19  InnoDB: Log file C:\Users\Corey\Desktop\USBWebserver v8.5\8.5\mysql\data\ib_logfile0 did not exist: new to be created
InnoDB: Setting log file C:\Users\Corey\Desktop\USBWebserver v8.5\8.5\mysql\data\ib_logfile0 size to 5 MB
InnoDB: Database physically writes the file full: wait...
190210 12:05:19  InnoDB: Log file C:\Users\Corey\Desktop\USBWebserver v8.5\8.5\mysql\data\ib_logfile1 did not exist: new to be created
InnoDB: Setting log file C:\Users\Corey\Desktop\USBWebserver v8.5\8.5\mysql\data\ib_logfile1 size to 5 MB
InnoDB: Database physically writes the file full: wait...
InnoDB: Doublewrite buffer not found: creating new
InnoDB: Doublewrite buffer created
InnoDB: 127 rollback segment(s) active.
InnoDB: Creating foreign key constraint system tables
InnoDB: Foreign key constraint system tables created
190210 12:05:19  InnoDB: Waiting for the background threads to start
190210 12:05:20 InnoDB: 1.1.8 started; log sequence number 0
190210 12:44:47 [Note] Plugin 'FEDERATED' is disabled.
190210 12:44:47 InnoDB: The InnoDB memory heap is disabled
190210 12:44:47 InnoDB: Mutexes and rw_locks use Windows interlocked functions
190210 12:44:47 InnoDB: Compressed tables use zlib 1.2.3
190210 12:44:47 InnoDB: Initializing buffer pool, size = 128.0M
190210 12:44:47 InnoDB: Completed initialization of buffer pool
190210 12:44:47 InnoDB: highest supported file format is Barracuda.
InnoDB: The log sequence number in ibdata files does not match
InnoDB: the log sequence number in the ib_logfiles!
190210 12:44:47  InnoDB: Database was not shut down normally!
InnoDB: Starting crash recovery.
InnoDB: Reading tablespace information from the .ibd files...
InnoDB: Restoring possible half-written data pages from the doublewrite
InnoDB: buffer...
190210 12:44:47  InnoDB: Waiting for the background threads to start
190210 12:44:48 InnoDB: 1.1.8 started; log sequence number 1605040
190210 20:02:41 [Note] Plugin 'FEDERATED' is disabled.
190210 20:02:41 InnoDB: The InnoDB memory heap is disabled
190210 20:02:41 InnoDB: Mutexes and rw_locks use Windows interlocked functions
190210 20:02:41 InnoDB: Compressed tables use zlib 1.2.3
190210 20:02:41 InnoDB: Initializing buffer pool, size = 128.0M
190210 20:02:41 InnoDB: Completed initialization of buffer pool
190210 20:02:41 InnoDB: highest supported file format is Barracuda.
InnoDB: The log sequence number in ibdata files does not match
InnoDB: the log sequence number in the ib_logfiles!
190210 20:02:41  InnoDB: Database was not shut down normally!
InnoDB: Starting crash recovery.
InnoDB: Reading tablespace information from the .ibd files...
InnoDB: Restoring possible half-written data pages from the doublewrite
InnoDB: buffer...
190210 20:02:41  InnoDB: Waiting for the background threads to start
190210 20:02:42 InnoDB: 1.1.8 started; log sequence number 1628500
190302 16:09:24 [Note] Plugin 'FEDERATED' is disabled.
190302 16:09:24 InnoDB: The InnoDB memory heap is disabled
190302 16:09:24 InnoDB: Mutexes and rw_locks use Windows interlocked functions
190302 16:09:24 InnoDB: Compressed tables use zlib 1.2.3
190302 16:09:24 InnoDB: Initializing buffer pool, size = 128.0M
190302 16:09:24 InnoDB: Completed initialization of buffer pool
190302 16:09:24 InnoDB: highest supported file format is Barracuda.
InnoDB: The log sequence number in ibdata files does not match
InnoDB: the log sequence number in the ib_logfiles!
190302 16:09:24  InnoDB: Database was not shut down normally!
InnoDB: Starting crash recovery.
InnoDB: Reading tablespace information from the .ibd files...
InnoDB: Restoring possible half-written data pages from the doublewrite
InnoDB: buffer...
190302 16:09:24  InnoDB: Waiting for the background threads to start
190302 16:09:25 InnoDB: 1.1.8 started; log sequence number 1650436
